[debug] [2024-10-16T20:53:11.249Z] ----------------------------------------------------------------------
[debug] [2024-10-16T20:53:11.252Z] Command:       C:\Program Files\nodejs\node.exe C:\Users\Samson\AppData\Roaming\npm\node_modules\firebase-tools\lib\bin\firebase.js serve
[debug] [2024-10-16T20:53:11.253Z] CLI Version:   11.21.0
[debug] [2024-10-16T20:53:11.253Z] Platform:      win32
[debug] [2024-10-16T20:53:11.253Z] Node Version:  v16.15.0
[debug] [2024-10-16T20:53:11.261Z] Time:          Wed Oct 16 2024 16:53:11 GMT-0400 (Eastern Daylight Time)
[debug] [2024-10-16T20:53:11.261Z] ----------------------------------------------------------------------
[debug] 
[debug] [2024-10-16T20:53:11.265Z] >>> [apiv2][query] GET https://firebase-public.firebaseio.com/cli.json [none]
[debug] [2024-10-16T20:53:11.363Z] > command requires scopes: ["email","openid","https://www.googleapis.com/auth/cloudplatformprojects.readonly","https://www.googleapis.com/auth/firebase","https://www.googleapis.com/auth/cloud-platform"]
[debug] [2024-10-16T20:53:11.364Z] > authorizing via signed-in user (samafolabi2001@gmail.com)
[debug] [2024-10-16T20:53:11.364Z] [iam] checking project playground-esa for permissions ["firebase.projects.get"]
[debug] [2024-10-16T20:53:11.365Z] > refreshing access token with scopes: []
[debug] [2024-10-16T20:53:11.366Z] >>> [apiv2][query] POST https://www.googleapis.com/oauth2/v3/token [none]
[debug] [2024-10-16T20:53:11.366Z] >>> [apiv2][body] POST https://www.googleapis.com/oauth2/v3/token [omitted]
[debug] [2024-10-16T20:53:11.481Z] <<< [apiv2][status] GET https://firebase-public.firebaseio.com/cli.json 200
[debug] [2024-10-16T20:53:11.481Z] <<< [apiv2][body] GET https://firebase-public.firebaseio.com/cli.json {"cloudBuildErrorAfter":1594252800000,"cloudBuildWarnAfter":1590019200000,"defaultNode10After":1594252800000,"minVersion":"3.0.5","node8DeploysDisabledAfter":1613390400000,"node8RuntimeDisabledAfter":1615809600000,"node8WarnAfter":1600128000000}
[debug] [2024-10-16T20:53:11.504Z] <<< [apiv2][status] POST https://www.googleapis.com/oauth2/v3/token 400
[debug] [2024-10-16T20:53:11.504Z] <<< [apiv2][body] POST https://www.googleapis.com/oauth2/v3/token [omitted]
[debug] [2024-10-16T20:53:11.504Z] >>> [apiv2][query] POST https://cloudresourcemanager.googleapis.com/v1/projects/playground-esa:testIamPermissions [none]
[debug] [2024-10-16T20:53:11.504Z] >>> [apiv2][(partial)header] POST https://cloudresourcemanager.googleapis.com/v1/projects/playground-esa:testIamPermissions x-goog-quota-user=projects/playground-esa
[debug] [2024-10-16T20:53:11.505Z] >>> [apiv2][body] POST https://cloudresourcemanager.googleapis.com/v1/projects/playground-esa:testIamPermissions {"permissions":["firebase.projects.get"]}
[debug] [2024-10-16T20:53:11.689Z] <<< [apiv2][status] POST https://cloudresourcemanager.googleapis.com/v1/projects/playground-esa:testIamPermissions 401
[debug] [2024-10-16T20:53:11.690Z] <<< [apiv2][body] POST https://cloudresourcemanager.googleapis.com/v1/projects/playground-esa:testIamPermissions {"error":{"code":401,"message":"Request had invalid authentication credentials. Expected OAuth 2 access token, login cookie or other valid authentication credential. See https://developers.google.com/identity/sign-in/web/devconsole-project.","status":"UNAUTHENTICATED","details":[{"@type":"type.googleapis.com/google.rpc.ErrorInfo","reason":"ACCESS_TOKEN_TYPE_UNSUPPORTED","metadata":{"method":"google.cloudresourcemanager.v1.Projects.TestIamPermissions","service":"cloudresourcemanager.googleapis.com"}}]}}
[debug] [2024-10-16T20:53:11.691Z] [iam] error while checking permissions, command may fail: FirebaseError: HTTP Error: 401, Request had invalid authentication credentials. Expected OAuth 2 access token, login cookie or other valid authentication credential. See https://developers.google.com/identity/sign-in/web/devconsole-project.
[debug] [2024-10-16T20:53:11.691Z] > refreshing access token with scopes: []
[debug] [2024-10-16T20:53:11.691Z] >>> [apiv2][query] POST https://www.googleapis.com/oauth2/v3/token [none]
[debug] [2024-10-16T20:53:11.691Z] >>> [apiv2][body] POST https://www.googleapis.com/oauth2/v3/token [omitted]
[debug] [2024-10-16T20:53:11.800Z] <<< [apiv2][status] POST https://www.googleapis.com/oauth2/v3/token 400
[debug] [2024-10-16T20:53:11.800Z] <<< [apiv2][body] POST https://www.googleapis.com/oauth2/v3/token [omitted]
[debug] [2024-10-16T20:53:11.801Z] >>> [apiv2][query] GET https://firebase.googleapis.com/v1beta1/projects/playground-esa [none]
[debug] [2024-10-16T20:53:11.941Z] <<< [apiv2][status] GET https://firebase.googleapis.com/v1beta1/projects/playground-esa 401
[debug] [2024-10-16T20:53:11.942Z] <<< [apiv2][body] GET https://firebase.googleapis.com/v1beta1/projects/playground-esa {"error":{"code":401,"message":"Request had invalid authentication credentials. Expected OAuth 2 access token, login cookie or other valid authentication credential. See https://developers.google.com/identity/sign-in/web/devconsole-project.","status":"UNAUTHENTICATED"}}
[debug] [2024-10-16T20:53:11.942Z] HTTP Error: 401, Request had invalid authentication credentials. Expected OAuth 2 access token, login cookie or other valid authentication credential. See https://developers.google.com/identity/sign-in/web/devconsole-project.
[debug] [2024-10-16T20:53:11.944Z] FirebaseError: HTTP Error: 401, Request had invalid authentication credentials. Expected OAuth 2 access token, login cookie or other valid authentication credential. See https://developers.google.com/identity/sign-in/web/devconsole-project.
    at responseToError (C:\Users\Samson\AppData\Roaming\npm\node_modules\firebase-tools\lib\responseToError.js:49:12)
    at RetryOperation._fn (C:\Users\Samson\AppData\Roaming\npm\node_modules\firebase-tools\lib\apiv2.js:288:77)
    at processTicksAndRejections (node:internal/process/task_queues:96:5)
[error] 
[error] Error: Failed to get Firebase project playground-esa. Please make sure the project exists and your account has permission to access it.
